<?xml version="1.0" encoding="UTF-8"?>
<testsuite xmlns:xsi="http://www.w3.org/2001/XMLSchema-instance" xsi:noNamespaceSchemaLocation="https://maven.apache.org/surefire/maven-surefire-plugin/xsd/surefire-test-report.xsd" version="3.0.2" name="TestSuite" time="7.115" tests="1" errors="0" skipped="0" failures="0">
  <properties>
[...]
</properties>
  <testcase name="testOrderESIMsAndVerifyDetails[change-7days-1gb, sim, 1 gb, 3, 4.5, Usd, example description](1)" classname="api.tests.ApiTests" time="4.464">
    <system-out><![CDATA[Post Submit Order Response Status Code: 200
Orderid: 100956, packageId: change-7days-1gb, Type: sim, Data: 1 GB, Quantity: 3, Price: 4.5, Currency: USD
Expected IDs: [144384, 144385, 144386]
Expected ICCID: [893000000000075817, 893000000000075818, 893000000000075819]
Get ESIMs List Response Status Code: 200
ESIMs List of IDs: [144386, 144385, 144384, 144383, 144382, 144381, 144366, 144365, 144364, 144363, 144362, 144361, 144360, 144359, 144358, 144357, 144356, 144355, 144354, 144353, 144352, 144351, 144350, 144349, 144348]
ESIMs List of ICCIDs: [893000000000075819, 893000000000075818, 893000000000075817, 893000000000075816, 893000000000075815, 893000000000075814, 893000000000075799, 893000000000075798, 893000000000075797, 893000000000075796, 893000000000075795, 893000000000075794, 893000000000075793, 893000000000075792, 893000000000075791, 893000000000075790, 893000000000075789, 893000000000075788, 893000000000075787, 893000000000075786, 893000000000075785, 893000000000075784, 893000000000075783, 893000000000075782, 893000000000075781]
IDs Check: true, List contains all eSIMs in the order
ICCIDs Check: true, List contains all eSIMs in the order
Get ESIM Package History Response Status Code: 200
ICCID: 893000000000075817, packageId: change-7days-1gb, Type: sim, Data: 1 GB
Get ESIM Package History Response Status Code: 200
ICCID: 893000000000075818, packageId: change-7days-1gb, Type: sim, Data: 1 GB
Get ESIM Package History Response Status Code: 200
ICCID: 893000000000075819, packageId: change-7days-1gb, Type: sim, Data: 1 GB
]]></system-out>
    <system-err><![CDATA[SLF4J: Failed to load class "org.slf4j.impl.StaticLoggerBinder".
SLF4J: Defaulting to no-operation (NOP) logger implementation
SLF4J: See http://www.slf4j.org/codes.html#StaticLoggerBinder for further details.
]]></system-err>
  </testcase>
</testsuite>