<?xml version="1.0" encoding="UTF-8"?>
<testng-results ignored="0" total="1" passed="1" failed="0" skipped="0">
  <reporter-output>
  </reporter-output>
  <suite started-at="2024-08-01T17:30:24 CEST" name="TestSuite" finished-at="2024-08-01T17:30:29 CEST" duration-ms="5491">
    <groups>
    </groups>
    <test started-at="2024-08-01T17:30:24 CEST" name="APITests" finished-at="2024-08-01T17:30:29 CEST" duration-ms="5491">
      <class name="api.tests.ApiTests">
        <test-method is-config="true" signature="authenticate()[pri:0, instance:api.tests.ApiTests@4567f35d]" started-at="2024-08-01T17:30:21 CEST" name="authenticate" finished-at="2024-08-01T17:30:24 CEST" duration-ms="2325" status="PASS">
          <reporter-output>
          </reporter-output>
        </test-method> <!-- authenticate -->
        <test-method signature="testOrderESIMsAndVerifyDetails(java.lang.String,java.lang.String,java.lang.String,java.lang.String,java.lang.String,java.lang.String,java.lang.String)[pri:1, instance:api.tests.ApiTests@4567f35d]" started-at="2024-08-01T17:30:24 CEST" name="testOrderESIMsAndVerifyDetails" description="Test Order ESIMs And Verify Details. Submit an order and verify details on the ESIMs list and ESIMs package history." data-provider="csvData" finished-at="2024-08-01T17:30:29 CEST" duration-ms="5456" status="PASS">
          <params>
            <param index="0">
              <value>
                <![CDATA[change-7days-1gb]]>
              </value>
            </param>
            <param index="1">
              <value>
                <![CDATA[sim]]>
              </value>
            </param>
            <param index="2">
              <value>
                <![CDATA[1 gb]]>
              </value>
            </param>
            <param index="3">
              <value>
                <![CDATA[3]]>
              </value>
            </param>
            <param index="4">
              <value>
                <![CDATA[4.5]]>
              </value>
            </param>
            <param index="5">
              <value>
                <![CDATA[Usd]]>
              </value>
            </param>
            <param index="6">
              <value>
                <![CDATA[example description]]>
              </value>
            </param>
          </params>
          <reporter-output>
          </reporter-output>
        </test-method> <!-- testOrderESIMsAndVerifyDetails -->
      </class> <!-- api.tests.ApiTests -->
    </test> <!-- APITests -->
  </suite> <!-- TestSuite -->
</testng-results>
