<?xml version="1.0" encoding="UTF-8"?>
<testng-results ignored="0" total="1" passed="1" failed="0" skipped="0">
  <reporter-output>
  </reporter-output>
  <suite started-at="2024-08-01T16:32:07 CEST" name="Default suite" finished-at="2024-08-01T16:32:12 CEST" duration-ms="5112">
    <groups>
    </groups>
    <test started-at="2024-08-01T16:32:07 CEST" name="Default test" finished-at="2024-08-01T16:32:12 CEST" duration-ms="5112">
      <class name="api.tests.ApiTests">
        <test-method is-config="true" signature="authenticate()[pri:0, instance:api.tests.ApiTests@606e4010]" started-at="2024-08-01T16:32:05 CEST" name="authenticate" finished-at="2024-08-01T16:32:07 CEST" duration-ms="2313" status="PASS">
          <reporter-output>
          </reporter-output>
        </test-method> <!-- authenticate -->
        <test-method signature="testOrderESIMsAndVerifyDetails(java.lang.String,java.lang.String,java.lang.String,java.lang.String,java.lang.String,java.lang.String,java.lang.String)[pri:1, instance:api.tests.ApiTests@606e4010]" started-at="2024-08-01T16:32:07 CEST" name="testOrderESIMsAndVerifyDetails" description="Test Order ESIMs And Verify Details" data-provider="csvData" finished-at="2024-08-01T16:32:12 CEST" duration-ms="5073" status="PASS">
          <params>
            <param index="0">
              <value>
                <![CDATA[change-7days-1gb]]>
              </value>
            </param>
            <param index="1">
              <value>
                <![CDATA[sim]]>
              </value>
            </param>
            <param index="2">
              <value>
                <![CDATA[1 gb]]>
              </value>
            </param>
            <param index="3">
              <value>
                <![CDATA[3]]>
              </value>
            </param>
            <param index="4">
              <value>
                <![CDATA[4.5]]>
              </value>
            </param>
            <param index="5">
              <value>
                <![CDATA[Usd]]>
              </value>
            </param>
            <param index="6">
              <value>
                <![CDATA[example description]]>
              </value>
            </param>
          </params>
          <reporter-output>
          </reporter-output>
        </test-method> <!-- testOrderESIMsAndVerifyDetails -->
      </class> <!-- api.tests.ApiTests -->
    </test> <!-- Default test -->
  </suite> <!-- Default suite -->
</testng-results>
